0 info it worked if it ends with ok
1 verbose cli [ 'C:\\Program Files\\nodejs\\node.exe',
1 verbose cli   'C:\\Program Files\\nodejs\\node_modules\\npm\\bin\\npm-cli.js',
1 verbose cli   'run',
1 verbose cli   'watch' ]
2 info using npm@3.10.10
3 info using node@v6.11.2
4 verbose run-script [ 'prewatch', 'watch', 'postwatch' ]
5 info lifecycle tableRedactorOOP@1.0.0~prewatch: tableRedactorOOP@1.0.0
6 silly lifecycle tableRedactorOOP@1.0.0~prewatch: no script for prewatch, continuing
7 info lifecycle tableRedactorOOP@1.0.0~watch: tableRedactorOOP@1.0.0
8 verbose lifecycle tableRedactorOOP@1.0.0~watch: unsafe-perm in lifecycle true
9 verbose lifecycle tableRedactorOOP@1.0.0~watch: PATH: C:\Program Files\nodejs\node_modules\npm\bin\node-gyp-bin;D:\WebstormProjects\tableRedactor\tableRedactorOOP\node_modules\.bin;C:\WINDOWS\system32;C:\WINDOWS;C:\WINDOWS\System32\Wbem;C:\WINDOWS\System32\WindowsPowerShell\v1.0\;C:\Program Files\Git\cmd;C:\Program Files\nodejs\;C:\Program Files (x86)\Skype\Phone\;C:\Program Files\Intel\WiFi\bin\;C:\Program Files\Common Files\Intel\WirelessCommon\;C:\Users\vbilskaya\AppData\Roaming\npm;C:\Program Files\Intel\WiFi\bin\;C:\Program Files\Common Files\Intel\WirelessCommon\
10 verbose lifecycle tableRedactorOOP@1.0.0~watch: CWD: D:\WebstormProjects\tableRedactor\tableRedactorOOP
11 silly lifecycle tableRedactorOOP@1.0.0~watch: Args: [ '/d /s /c', 'babel src -d dist --presets es2015 -w' ]
12 silly lifecycle tableRedactorOOP@1.0.0~watch: Returned: code: 3221225786  signal: null
13 info lifecycle tableRedactorOOP@1.0.0~watch: Failed to exec watch script
14 verbose stack Error: tableRedactorOOP@1.0.0 watch: `babel src -d dist --presets es2015 -w`
14 verbose stack Exit status 3221225786
14 verbose stack     at EventEmitter.<anonymous> (C:\Program Files\nodejs\node_modules\npm\lib\utils\lifecycle.js:255:16)
14 verbose stack     at emitTwo (events.js:106:13)
14 verbose stack     at EventEmitter.emit (events.js:191:7)
14 verbose stack     at ChildProcess.<anonymous> (C:\Program Files\nodejs\node_modules\npm\lib\utils\spawn.js:40:14)
14 verbose stack     at emitTwo (events.js:106:13)
14 verbose stack     at ChildProcess.emit (events.js:191:7)
14 verbose stack     at maybeClose (internal/child_process.js:891:16)
14 verbose stack     at Process.ChildProcess._handle.onexit (internal/child_process.js:226:5)
15 verbose pkgid tableRedactorOOP@1.0.0
16 verbose cwd D:\WebstormProjects\tableRedactor\tableRedactorOOP
17 error Windows_NT 6.1.7601
18 error argv "C:\\Program Files\\nodejs\\node.exe" "C:\\Program Files\\nodejs\\node_modules\\npm\\bin\\npm-cli.js" "run" "watch"
19 error node v6.11.2
20 error npm  v3.10.10
21 error code ELIFECYCLE
22 error tableRedactorOOP@1.0.0 watch: `babel src -d dist --presets es2015 -w`
22 error Exit status 3221225786
23 error Failed at the tableRedactorOOP@1.0.0 watch script 'babel src -d dist --presets es2015 -w'.
23 error Make sure you have the latest version of node.js and npm installed.
23 error If you do, this is most likely a problem with the tableRedactorOOP package,
23 error not with npm itself.
23 error Tell the author that this fails on your system:
23 error     babel src -d dist --presets es2015 -w
23 error You can get information on how to open an issue for this project with:
23 error     npm bugs tableRedactorOOP
23 error Or if that isn't available, you can get their info via:
23 error     npm owner ls tableRedactorOOP
23 error There is likely additional logging output above.
24 verbose exit [ 1, true ]
